<?xml version="1.0" encoding="UTF-8"?>
<!-- Generated by org.testng.reporters.JUnitXMLReporter -->
<testsuite ignored="8" hostname="DESKTOP-GRP0R8U" failures="2" tests="33" name="Test" time="715.524" errors="0" timestamp="10 Nov 2024 05:58:45 GMT">
  <testcase classname="com.TestCases.ACMELogin" name="ACME_LoginTest" time="4.357"/>
  <testcase classname="com.TestCases.ACMELogin" name="testinputs" time="0.001"/>
  <testcase classname="com.TestCases.ACME_BankTest" name="ACME_LoginTest" time="14.457"/>
  <testcase classname="com.TestCases.ACME_BankTest" name="ACME_LoginTest" time="13.739"/>
  <testcase classname="com.TestCases.ACME_BankTest" name="ACME_LoginTest" time="13.921"/>
  <testcase classname="com.TestCases.ACME_BankTest" name="ACME_LoginTest" time="16.736"/>
  <testcase classname="com.TestCases.ACME_VendorTest" name="ACME_LoginTest" time="0.0">
    <failure type="java.lang.Error" message="Unresolved compilation problem: 
	wait cannot be resolved
">
      <![CDATA[java.lang.Error: Unresolved compilation problem: 
wait cannot be resolved

at com.TestCases.ACME_VendorTest.ACME_LoginTest(ACME_VendorTest.java:50)
... Removed 25 stack frames]]>
    </failure>
  </testcase> <!-- ACME_LoginTest -->
  <testcase classname="com.TestCases.ACME_SearchVendorTest" name="ACME_LoginTest" time="14.625"/>
  <testcase classname="com.TestCases.ACME_SearchVendorTest" name="ACME_LoginTest" time="15.489"/>
  <testcase classname="com.TestCases.ACME_SearchVendorTest" name="ACME_LoginTest" time="13.167"/>
  <testcase classname="com.TestCases.ACME_SearchVendorTest" name="ACME_LoginTest" time="21.982"/>
  <testcase classname="com.TestCases.ACME_SearchVendorTest" name="ACME_LoginTest" time="13.228"/>
  <testcase classname="com.TestCases.ACME_SearchVendorTest" name="ACME_LoginTest" time="13.725"/>
  <testcase classname="com.TestCases.ACME_SearchVendorTest" name="ACME_LoginTest" time="16.132"/>
  <testcase classname="com.TestCases.ACME_SearchVendorTest" name="ACME_LoginTest" time="14.442"/>
  <testcase classname="com.TestCases.ACME_SearchVendorTest" name="ACME_LoginTest" time="13.216"/>
  <testcase classname="com.TestCases.ACME_SearchVendorTest" name="ACME_LoginTest" time="16.154"/>
  <testcase classname="com.TestCases.ACME_SearchVendorTest" name="ACME_LoginTest" time="12.989"/>
  <testcase classname="com.TestCases.ACME_SearchVendorTest" name="ACME_LoginTest" time="14.495"/>
  <testcase classname="com.TestCases.ACME_SearchVendorTest" name="ACME_LoginTest" time="17.46"/>
  <testcase classname="com.TestCases.ACME_SearchVendorTest" name="ACME_LoginTest" time="15.419"/>
  <testcase classname="com.TestCases.ACME_SearchVendorTest" name="ACME_LoginTest" time="14.4"/>
  <testcase classname="com.TestCases.ACME_SearchVendorTest" name="ACME_LoginTest" time="14.209"/>
  <testcase classname="com.TestCases.ACME_SearchVendorTest" name="ACME_LoginTest" time="14.222"/>
  <testcase classname="com.TestCases.ACME_SearchVendorTest" name="ACME_LoginTest" time="13.732"/>
  <testcase classname="com.TestCases.ACME_SearchVendorTest" name="ACME_LoginTest" time="18.144"/>
  <testcase classname="com.TestCases.ACME_SearchVendorTest" name="ACME_LoginTest" time="14.929"/>
  <testcase classname="com.TestCases.ACME_SearchVendorTest" name="ACME_LoginTest" time="15.119"/>
  <testcase classname="com.TestCases.ACME_SearchVendorTest" name="ACME_LoginTest" time="22.781"/>
  <testcase classname="com.TestCases.ACME_SearchVendorTest" name="ACME_LoginTest" time="14.038"/>
  <testcase classname="com.TestCases.ACME_SearchVendorTest" name="ACME_LoginTest" time="18.76"/>
  <testcase classname="com.TestCases.ACME_SearchVendorTest" name="ACME_LoginTest" time="15.354"/>
  <testcase classname="com.TestCases.ACME_DownloadResouceReportTest" name="ACME_LoginTest" time="6.736">
    <failure type="org.openqa.selenium.ElementClickInterceptedException" message="element click intercepted: Element &amp;lt;a href=&amp;quot;https://acme-test.uipath.com/testdata/vendor/Vendor List.xlsx&amp;quot; onclick=&amp;quot;track(this)&amp;quot;&amp;gt;...&amp;lt;/a&amp;gt; is not clickable at point (124, 13). Other element would receive the click: &amp;lt;a class=&amp;quot;navbar-brand&amp;quot; href=&amp;quot;/&amp;quot;&amp;gt;...&amp;lt;/a&amp;gt;
  (Session info: chrome=130.0.6723.117)
Build info: version: &amp;apos;4.11.0&amp;apos;, revision: &amp;apos;040bc5406b&amp;apos;
System info: os.name: &amp;apos;Windows 11&amp;apos;, os.arch: &amp;apos;amd64&amp;apos;, os.version: &amp;apos;10.0&amp;apos;, java.version: &amp;apos;11.0.22&amp;apos;
Driver info: org.openqa.selenium.chrome.ChromeDriver
Command: [8b12fac6685cdd876780ba75c18ececa, clickElement {id=f.063EC148B7D1CA0C1482D8E81FA90EE1.d.5A90FAE1E1086B76086ACC9E57132B64.e.41}]
Capabilities {acceptInsecureCerts: false, browserName: chrome, browserVersion: 130.0.6723.117, chrome: {chromedriverVersion: 130.0.6723.116 (6ac35f94ae3..., userDataDir: C:\Users\randy\AppData\Loca...}, fedcm:accounts: true, goog:chromeOptions: {debuggerAddress: localhost:60766}, networkConnectionEnabled: false, pageLoadStrategy: normal, platformName: windows, proxy: Proxy(), se:cdp: ws://localhost:60766/devtoo..., se:cdpVersion: 130.0.6723.117, setWindowRect: true, strictFileInteractability: false, timeouts: {implicit: 0, pageLoad: 300000, script: 30000}, unhandledPromptBehavior: dismiss and notify, webauthn:extension:credBlob: true, webauthn:extension:largeBlob: true, webauthn:extension:minPinLength: true, webauthn:extension:prf: true, webauthn:virtualAuthenticators: true}
Element: [[ChromeDriver: chrome on windows (8b12fac6685cdd876780ba75c18ececa)] -&amp;gt; link text: Download Resource Report]
Session ID: 8b12fac6685cdd876780ba75c18ececa">
      <![CDATA[org.openqa.selenium.ElementClickInterceptedException: element click intercepted: Element <a href="https://acme-test.uipath.com/testdata/vendor/Vendor List.xlsx" onclick="track(this)">...</a> is not clickable at point (124, 13). Other element would receive the click: <a class="navbar-brand" href="/">...</a>
  (Session info: chrome=130.0.6723.117)
Build info: version: '4.11.0', revision: '040bc5406b'
System info: os.name: 'Windows 11', os.arch: 'amd64', os.version: '10.0', java.version: '11.0.22'
Driver info: org.openqa.selenium.chrome.ChromeDriver
Command: [8b12fac6685cdd876780ba75c18ececa, clickElement {id=f.063EC148B7D1CA0C1482D8E81FA90EE1.d.5A90FAE1E1086B76086ACC9E57132B64.e.41}]
Capabilities {acceptInsecureCerts: false, browserName: chrome, browserVersion: 130.0.6723.117, chrome: {chromedriverVersion: 130.0.6723.116 (6ac35f94ae3..., userDataDir: C:\Users\randy\AppData\Loca...}, fedcm:accounts: true, goog:chromeOptions: {debuggerAddress: localhost:60766}, networkConnectionEnabled: false, pageLoadStrategy: normal, platformName: windows, proxy: Proxy(), se:cdp: ws://localhost:60766/devtoo..., se:cdpVersion: 130.0.6723.117, setWindowRect: true, strictFileInteractability: false, timeouts: {implicit: 0, pageLoad: 300000, script: 30000}, unhandledPromptBehavior: dismiss and notify, webauthn:extension:credBlob: true, webauthn:extension:largeBlob: true, webauthn:extension:minPinLength: true, webauthn:extension:prf: true, webauthn:virtualAuthenticators: true}
Element: [[ChromeDriver: chrome on windows (8b12fac6685cdd876780ba75c18ececa)] -> link text: Download Resource Report]
Session ID: 8b12fac6685cdd876780ba75c18ececa
at org.openqa.selenium.remote.codec.w3c.W3CHttpResponseCodec.createException(W3CHttpResponseCodec.java:200)
at org.openqa.selenium.remote.codec.w3c.W3CHttpResponseCodec.decode(W3CHttpResponseCodec.java:133)
at org.openqa.selenium.remote.codec.w3c.W3CHttpResponseCodec.decode(W3CHttpResponseCodec.java:52)
at org.openqa.selenium.remote.HttpCommandExecutor.execute(HttpCommandExecutor.java:191)
at org.openqa.selenium.remote.service.DriverCommandExecutor.invokeExecute(DriverCommandExecutor.java:196)
at org.openqa.selenium.remote.service.DriverCommandExecutor.execute(DriverCommandExecutor.java:171)
at org.openqa.selenium.remote.RemoteWebDriver.execute(RemoteWebDriver.java:518)
at org.openqa.selenium.remote.RemoteWebElement.execute(RemoteWebElement.java:224)
at org.openqa.selenium.remote.RemoteWebElement.click(RemoteWebElement.java:77)
at com.ACME.Pages.DashboardPages.Click_DownloadRR(DashboardPages.java:30)
at com.TestCases.ACME_DownloadResouceReportTest.ACME_LoginTest(ACME_DownloadResouceReportTest.java:38)
... Removed 29 stack frames]]>
    </failure>
  </testcase> <!-- ACME_LoginTest -->
  <testcase classname="com.Utilities.Reporter" name="@AfterSuite stopReport" time="0.0">
    <ignored/>
  </testcase> <!-- @AfterSuite stopReport -->
  <testcase classname="com.Utilities.Reporter" name="@AfterSuite stopReport" time="0.0">
    <ignored/>
  </testcase> <!-- @AfterSuite stopReport -->
  <testcase classname="com.Utilities.Reporter" name="@AfterSuite stopReport" time="0.0">
    <ignored/>
  </testcase> <!-- @AfterSuite stopReport -->
  <testcase classname="com.Utilities.Reporter" name="@AfterSuite stopReport" time="0.0">
    <ignored/>
  </testcase> <!-- @AfterSuite stopReport -->
  <testcase classname="com.Utilities.Reporter" name="@BeforeSuite startReport" time="0.0">
    <ignored/>
  </testcase> <!-- @BeforeSuite startReport -->
  <testcase classname="com.Utilities.Reporter" name="@BeforeSuite startReport" time="0.0">
    <ignored/>
  </testcase> <!-- @BeforeSuite startReport -->
  <testcase classname="com.Utilities.Reporter" name="@BeforeSuite startReport" time="0.0">
    <ignored/>
  </testcase> <!-- @BeforeSuite startReport -->
  <testcase classname="com.Utilities.Reporter" name="@BeforeSuite startReport" time="0.0">
    <ignored/>
  </testcase> <!-- @BeforeSuite startReport -->
</testsuite> <!-- Test -->
